2023-06-24 09:59:38.192  INFO 1196 --- [main] c.g.suretrade.SuretradeApplicationTests  : Starting SuretradeApplicationTests on DESKTOP-05KLHOM with PID 1196 (started by DELL in C:\Users\DELL\Documents\Work\gms-sure-trade-backend)
2023-06-24 09:59:38.193  INFO 1196 --- [main] c.g.suretrade.SuretradeApplicationTests  : The following profiles are active: test
2023-06-24 09:59:39.460  INFO 1196 --- [main] .s.d.r.c.RepositoryConfigurationDelegate : Bootstrapping Spring Data JPA repositories in DEFAULT mode.
2023-06-24 09:59:39.875  INFO 1196 --- [main] .s.d.r.c.RepositoryConfigurationDelegate : Finished Spring Data repository scanning in 400ms. Found 17 JPA repository interfaces.
2023-06-24 09:59:40.633  INFO 1196 --- [main] o.hibernate.jpa.internal.util.LogHelper  : HHH000204: Processing PersistenceUnitInfo [name: default]
2023-06-24 09:59:40.710  INFO 1196 --- [main] org.hibernate.Version                    : HHH000412: Hibernate ORM core version 5.4.31.Final
2023-06-24 09:59:40.908  INFO 1196 --- [main] o.hibernate.annotations.common.Version   : HCANN000001: Hibernate Commons Annotations {5.1.2.Final}
2023-06-24 09:59:41.180  INFO 1196 --- [main] com.zaxxer.hikari.HikariDataSource       : HikariPool-1 - Starting...
2023-06-24 09:59:45.941  INFO 1196 --- [main] com.zaxxer.hikari.HikariDataSource       : HikariPool-1 - Start completed.
2023-06-24 09:59:45.971  INFO 1196 --- [main] org.hibernate.dialect.Dialect            : HHH000400: Using dialect: org.hibernate.dialect.PostgreSQLDialect
2023-06-24 09:59:52.574  INFO 1196 --- [main] o.h.e.t.j.p.i.JtaPlatformInitiator       : HHH000490: Using JtaPlatform implementation: [org.hibernate.engine.transaction.jta.platform.internal.NoJtaPlatform]
2023-06-24 09:59:52.589  INFO 1196 --- [main] j.LocalContainerEntityManagerFactoryBean : Initialized JPA EntityManagerFactory for persistence unit 'default'
2023-06-24 09:59:53.908  WARN 1196 --- [main] JpaBaseConfiguration$JpaWebConfiguration : spring.jpa.open-in-view is enabled by default. Therefore, database queries may be performed during view rendering. Explicitly configure spring.jpa.open-in-view to disable this warning
2023-06-24 09:59:54.198  INFO 1196 --- [main] c.g.s.i.e.s.service.SilaGenericService   : Request Header: {Authorization=Basic LTB2RGkxR09YQ1RNTUdhVHZ5VGdLaXJ6S29MdFB4akRNTmNOUnNrYnNnZzo0Y0k5cEpzbVV4MTVmTXZZeEx0enhyTVk1Qk93dk9KdmFUbVhabHJkNW1fVWJNclBnNDRRQVBNOHJDa3R4SS15NTZMcEJoZ3Rub0pyUkpiU0lNMWhEQQ==}
2023-06-24 09:59:54.206  INFO 1196 --- [main] c.g.s.i.e.s.service.SilaGenericService   : RequestJson: {"header":{"created":1687597184197,"auth_handle":"gms-sila","version":"0.2","reference":"2c84a39c-d9e3-4f28-8a60-799d12861b67"}}
2023-06-24 09:59:57.542  INFO 1196 --- [main] com.gms.alquimiapay.web.WebClient          : HttpConnection Success POST: {"success":true,"access_token":{"token":"eyJ0eXAiOiJKV1QiLCJhbGciOiJIUzI1NiJ9.eyJpYXQiOjE2ODc1OTY4MDQsImV4cCI6MTY4NzYyNTYwNCwiY2xpZW50X2lkIjoiLTB2RGkxR09YQ1RNTUdhVHZ5VGdLaXJ6S29MdFB4akRNTmNOUnNrYnNnZyJ9.OsRhE15_DjDQH48IQVzV6nay3LblxmK9u8wgn6DNNsA","expiration":1687625604,"expiration_dt":"2023-06-24T16:53:24Z"},"status":"SUCCESS","reference":"2c84a39c-d9e3-4f28-8a60-799d12861b67","response_time_ms":"2054"}
2023-06-24 09:59:57.543  INFO 1196 --- [main] c.g.s.i.e.s.service.SilaGenericService   : ResponseJsonPost: {"success":true,"access_token":{"token":"eyJ0eXAiOiJKV1QiLCJhbGciOiJIUzI1NiJ9.eyJpYXQiOjE2ODc1OTY4MDQsImV4cCI6MTY4NzYyNTYwNCwiY2xpZW50X2lkIjoiLTB2RGkxR09YQ1RNTUdhVHZ5VGdLaXJ6S29MdFB4akRNTmNOUnNrYnNnZyJ9.OsRhE15_DjDQH48IQVzV6nay3LblxmK9u8wgn6DNNsA","expiration":1687625604,"expiration_dt":"2023-06-24T16:53:24Z"},"status":"SUCCESS","reference":"2c84a39c-d9e3-4f28-8a60-799d12861b67","response_time_ms":"2054"}
2023-06-24 09:59:57.818  INFO 1196 --- [main] o.s.s.concurrent.ThreadPoolTaskExecutor  : Initializing ExecutorService 'applicationTaskExecutor'
2023-06-24 09:59:58.086  INFO 1196 --- [main] o.s.s.c.ThreadPoolTaskScheduler          : Initializing ExecutorService 'taskScheduler'
2023-06-24 09:59:58.811  INFO 1196 --- [main] c.g.suretrade.SuretradeApplicationTests  : Started SuretradeApplicationTests in 21.011 seconds (JVM running for 22.033)
2023-06-24 09:59:58.989  INFO 1196 --- [SpringContextShutdownHook] o.s.s.c.ThreadPoolTaskScheduler          : Shutting down ExecutorService 'taskScheduler'
2023-06-24 09:59:58.991  INFO 1196 --- [SpringContextShutdownHook] o.s.s.concurrent.ThreadPoolTaskExecutor  : Shutting down ExecutorService 'applicationTaskExecutor'
2023-06-24 09:59:59.003  INFO 1196 --- [SpringContextShutdownHook] j.LocalContainerEntityManagerFactoryBean : Closing JPA EntityManagerFactory for persistence unit 'default'
2023-06-24 09:59:59.005  INFO 1196 --- [SpringContextShutdownHook] com.zaxxer.hikari.HikariDataSource       : HikariPool-1 - Shutdown initiated...
2023-06-24 10:00:01.292  INFO 1196 --- [SpringContextShutdownHook] com.zaxxer.hikari.HikariDataSource       : HikariPool-1 - Shutdown completed.
2023-06-24 10:30:32.848  INFO 1172 --- [main] com.gms.alquimiapay.AlquimiaPayApplication   : Starting SuretradeApplication on DESKTOP-05KLHOM with PID 1172 (C:\Users\DELL\Documents\Work\gms-sure-trade-backend\target\classes started by DELL in C:\Users\DELL\Documents\Work\gms-sure-trade-backend)
2023-06-24 10:30:32.850  INFO 1172 --- [main] com.gms.alquimiapay.AlquimiaPayApplication   : The following profiles are active: test
2023-06-24 10:30:34.088  INFO 1172 --- [main] .s.d.r.c.RepositoryConfigurationDelegate : Bootstrapping Spring Data JPA repositories in DEFAULT mode.
2023-06-24 10:30:34.291  INFO 1172 --- [main] .s.d.r.c.RepositoryConfigurationDelegate : Finished Spring Data repository scanning in 195ms. Found 17 JPA repository interfaces.
2023-06-24 10:30:34.958  INFO 1172 --- [main] o.s.b.w.embedded.tomcat.TomcatWebServer  : Tomcat initialized with port(s): 3000 (http)
2023-06-24 10:30:35.175  INFO 1172 --- [main] w.s.c.ServletWebServerApplicationContext : Root WebApplicationContext: initialization completed in 2289 ms
2023-06-24 10:30:35.385  INFO 1172 --- [main] o.hibernate.jpa.internal.util.LogHelper  : HHH000204: Processing PersistenceUnitInfo [name: default]
2023-06-24 10:30:35.445  INFO 1172 --- [main] org.hibernate.Version                    : HHH000412: Hibernate ORM core version 5.4.31.Final
2023-06-24 10:30:35.574  INFO 1172 --- [main] o.hibernate.annotations.common.Version   : HCANN000001: Hibernate Commons Annotations {5.1.2.Final}
2023-06-24 10:30:35.672  INFO 1172 --- [main] com.zaxxer.hikari.HikariDataSource       : HikariPool-1 - Starting...
2023-06-24 10:30:42.271  INFO 1172 --- [main] com.zaxxer.hikari.HikariDataSource       : HikariPool-1 - Start completed.
2023-06-24 10:30:42.289  INFO 1172 --- [main] org.hibernate.dialect.Dialect            : HHH000400: Using dialect: org.hibernate.dialect.PostgreSQLDialect
2023-06-24 10:30:55.662  INFO 1172 --- [main] o.h.e.t.j.p.i.JtaPlatformInitiator       : HHH000490: Using JtaPlatform implementation: [org.hibernate.engine.transaction.jta.platform.internal.NoJtaPlatform]
2023-06-24 10:30:55.670  INFO 1172 --- [main] j.LocalContainerEntityManagerFactoryBean : Initialized JPA EntityManagerFactory for persistence unit 'default'
2023-06-24 10:30:56.456  WARN 1172 --- [main] JpaBaseConfiguration$JpaWebConfiguration : spring.jpa.open-in-view is enabled by default. Therefore, database queries may be performed during view rendering. Explicitly configure spring.jpa.open-in-view to disable this warning
2023-06-24 10:30:56.575  INFO 1172 --- [main] c.g.s.i.e.s.service.SilaGenericService   : Request Header: {Authorization=Basic LTB2RGkxR09YQ1RNTUdhVHZ5VGdLaXJ6S29MdFB4akRNTmNOUnNrYnNnZzo0Y0k5cEpzbVV4MTVmTXZZeEx0enhyTVk1Qk93dk9KdmFUbVhabHJkNW1fVWJNclBnNDRRQVBNOHJDa3R4SS15NTZMcEJoZ3Rub0pyUkpiU0lNMWhEQQ==}
2023-06-24 10:30:56.584  INFO 1172 --- [main] c.g.s.i.e.s.service.SilaGenericService   : RequestJson: {"header":{"created":1687599046574,"auth_handle":"gms-sila","version":"0.2","reference":"4040688d-c813-4dc8-89bd-dbc4165226c0"}}
2023-06-24 10:31:00.474  INFO 1172 --- [main] com.gms.alquimiapay.web.WebClient          : HttpConnection Success POST: {"success":true,"access_token":{"token":"eyJ0eXAiOiJKV1QiLCJhbGciOiJIUzI1NiJ9.eyJpYXQiOjE2ODc1OTY4MDQsImV4cCI6MTY4NzYyNTYwNCwiY2xpZW50X2lkIjoiLTB2RGkxR09YQ1RNTUdhVHZ5VGdLaXJ6S29MdFB4akRNTmNOUnNrYnNnZyJ9.OsRhE15_DjDQH48IQVzV6nay3LblxmK9u8wgn6DNNsA","expiration":1687625604,"expiration_dt":"2023-06-24T16:53:24Z"},"status":"SUCCESS","reference":"4040688d-c813-4dc8-89bd-dbc4165226c0","response_time_ms":"138"}
2023-06-24 10:31:00.474  INFO 1172 --- [main] c.g.s.i.e.s.service.SilaGenericService   : ResponseJsonPost: {"success":true,"access_token":{"token":"eyJ0eXAiOiJKV1QiLCJhbGciOiJIUzI1NiJ9.eyJpYXQiOjE2ODc1OTY4MDQsImV4cCI6MTY4NzYyNTYwNCwiY2xpZW50X2lkIjoiLTB2RGkxR09YQ1RNTUdhVHZ5VGdLaXJ6S29MdFB4akRNTmNOUnNrYnNnZyJ9.OsRhE15_DjDQH48IQVzV6nay3LblxmK9u8wgn6DNNsA","expiration":1687625604,"expiration_dt":"2023-06-24T16:53:24Z"},"status":"SUCCESS","reference":"4040688d-c813-4dc8-89bd-dbc4165226c0","response_time_ms":"138"}
2023-06-24 10:31:00.591  INFO 1172 --- [main] o.s.s.concurrent.ThreadPoolTaskExecutor  : Initializing ExecutorService 'applicationTaskExecutor'
2023-06-24 10:31:00.754  INFO 1172 --- [main] o.s.s.c.ThreadPoolTaskScheduler          : Initializing ExecutorService 'taskScheduler'
2023-06-24 10:31:00.869  INFO 1172 --- [main] o.s.b.w.embedded.tomcat.TomcatWebServer  : Tomcat started on port(s): 3000 (http) with context path ''
2023-06-24 10:31:01.298  INFO 1172 --- [main] com.gms.alquimiapay.AlquimiaPayApplication   : Started SuretradeApplication in 28.951 seconds (JVM running for 29.913)
2023-06-24 10:31:01.454  INFO 1172 --- [SpringContextShutdownHook] o.s.s.c.ThreadPoolTaskScheduler          : Shutting down ExecutorService 'taskScheduler'
2023-06-24 10:31:01.455  INFO 1172 --- [SpringContextShutdownHook] o.s.s.concurrent.ThreadPoolTaskExecutor  : Shutting down ExecutorService 'applicationTaskExecutor'
2023-06-24 10:31:01.463  INFO 1172 --- [SpringContextShutdownHook] j.LocalContainerEntityManagerFactoryBean : Closing JPA EntityManagerFactory for persistence unit 'default'
2023-06-24 10:31:01.465  INFO 1172 --- [SpringContextShutdownHook] com.zaxxer.hikari.HikariDataSource       : HikariPool-1 - Shutdown initiated...
2023-06-24 10:31:05.275  INFO 1172 --- [SpringContextShutdownHook] com.zaxxer.hikari.HikariDataSource       : HikariPool-1 - Shutdown completed.
2023-06-24 10:32:23.320  INFO 3888 --- [main] com.gms.alquimiapay.AlquimiaPayApplication   : Starting SuretradeApplication on DESKTOP-05KLHOM with PID 3888 (C:\Users\DELL\Documents\Work\gms-sure-trade-backend\target\classes started by DELL in C:\Users\DELL\Documents\Work\gms-sure-trade-backend)
2023-06-24 10:32:23.323  INFO 3888 --- [main] com.gms.alquimiapay.AlquimiaPayApplication   : The following profiles are active: test
2023-06-24 10:32:24.271  INFO 3888 --- [main] .s.d.r.c.RepositoryConfigurationDelegate : Bootstrapping Spring Data JPA repositories in DEFAULT mode.
2023-06-24 10:32:24.454  INFO 3888 --- [main] .s.d.r.c.RepositoryConfigurationDelegate : Finished Spring Data repository scanning in 178ms. Found 17 JPA repository interfaces.
2023-06-24 10:32:24.895  INFO 3888 --- [main] o.s.b.w.embedded.tomcat.TomcatWebServer  : Tomcat initialized with port(s): 3000 (http)
2023-06-24 10:32:24.901  INFO 3888 --- [main] o.apache.catalina.core.StandardService   : Starting service [Tomcat]
2023-06-24 10:32:24.902  INFO 3888 --- [main] org.apache.catalina.core.StandardEngine  : Starting Servlet engine: [Apache Tomcat/9.0.46]
2023-06-24 10:32:25.008  INFO 3888 --- [main] o.a.c.c.C.[Tomcat].[localhost].[/]       : Initializing Spring embedded WebApplicationContext
2023-06-24 10:32:25.008  INFO 3888 --- [main] w.s.c.ServletWebServerApplicationContext : Root WebApplicationContext: initialization completed in 1643 ms
2023-06-24 10:32:25.171  INFO 3888 --- [main] o.hibernate.jpa.internal.util.LogHelper  : HHH000204: Processing PersistenceUnitInfo [name: default]
2023-06-24 10:32:25.203  INFO 3888 --- [main] org.hibernate.Version                    : HHH000412: Hibernate ORM core version 5.4.31.Final
2023-06-24 10:32:25.272  INFO 3888 --- [main] o.hibernate.annotations.common.Version   : HCANN000001: Hibernate Commons Annotations {5.1.2.Final}
2023-06-24 10:32:25.341  INFO 3888 --- [main] com.zaxxer.hikari.HikariDataSource       : HikariPool-1 - Starting...
2023-06-24 10:32:31.714  INFO 3888 --- [main] com.zaxxer.hikari.HikariDataSource       : HikariPool-1 - Start completed.
2023-06-24 10:32:31.734  INFO 3888 --- [main] org.hibernate.dialect.Dialect            : HHH000400: Using dialect: org.hibernate.dialect.PostgreSQLDialect
2023-06-24 10:32:40.623  INFO 3888 --- [main] o.h.e.t.j.p.i.JtaPlatformInitiator       : HHH000490: Using JtaPlatform implementation: [org.hibernate.engine.transaction.jta.platform.internal.NoJtaPlatform]
2023-06-24 10:32:40.631  INFO 3888 --- [main] j.LocalContainerEntityManagerFactoryBean : Initialized JPA EntityManagerFactory for persistence unit 'default'
2023-06-24 10:32:41.363  WARN 3888 --- [main] JpaBaseConfiguration$JpaWebConfiguration : spring.jpa.open-in-view is enabled by default. Therefore, database queries may be performed during view rendering. Explicitly configure spring.jpa.open-in-view to disable this warning
2023-06-24 10:32:41.471  INFO 3888 --- [main] c.g.s.i.e.s.service.SilaGenericService   : Request Header: {Authorization=Basic LTB2RGkxR09YQ1RNTUdhVHZ5VGdLaXJ6S29MdFB4akRNTmNOUnNrYnNnZzo0Y0k5cEpzbVV4MTVmTXZZeEx0enhyTVk1Qk93dk9KdmFUbVhabHJkNW1fVWJNclBnNDRRQVBNOHJDa3R4SS15NTZMcEJoZ3Rub0pyUkpiU0lNMWhEQQ==}
2023-06-24 10:32:41.477  INFO 3888 --- [main] c.g.s.i.e.s.service.SilaGenericService   : RequestJson: {"header":{"created":1687599151470,"auth_handle":"gms-sila","version":"0.2","reference":"03a172b7-0f07-456e-a2c4-1eb3e0751249"}}
2023-06-24 10:32:44.204  INFO 3888 --- [main] com.gms.alquimiapay.web.WebClient          : HttpConnection Success POST: {"success":true,"access_token":{"token":"eyJ0eXAiOiJKV1QiLCJhbGciOiJIUzI1NiJ9.eyJpYXQiOjE2ODc1OTY4MDQsImV4cCI6MTY4NzYyNTYwNCwiY2xpZW50X2lkIjoiLTB2RGkxR09YQ1RNTUdhVHZ5VGdLaXJ6S29MdFB4akRNTmNOUnNrYnNnZyJ9.OsRhE15_DjDQH48IQVzV6nay3LblxmK9u8wgn6DNNsA","expiration":1687625604,"expiration_dt":"2023-06-24T16:53:24Z"},"status":"SUCCESS","reference":"03a172b7-0f07-456e-a2c4-1eb3e0751249","response_time_ms":"188"}
2023-06-24 10:32:44.204  INFO 3888 --- [main] c.g.s.i.e.s.service.SilaGenericService   : ResponseJsonPost: {"success":true,"access_token":{"token":"eyJ0eXAiOiJKV1QiLCJhbGciOiJIUzI1NiJ9.eyJpYXQiOjE2ODc1OTY4MDQsImV4cCI6MTY4NzYyNTYwNCwiY2xpZW50X2lkIjoiLTB2RGkxR09YQ1RNTUdhVHZ5VGdLaXJ6S29MdFB4akRNTmNOUnNrYnNnZyJ9.OsRhE15_DjDQH48IQVzV6nay3LblxmK9u8wgn6DNNsA","expiration":1687625604,"expiration_dt":"2023-06-24T16:53:24Z"},"status":"SUCCESS","reference":"03a172b7-0f07-456e-a2c4-1eb3e0751249","response_time_ms":"188"}
2023-06-24 10:32:44.275  INFO 3888 --- [main] o.s.s.concurrent.ThreadPoolTaskExecutor  : Initializing ExecutorService 'applicationTaskExecutor'
2023-06-24 10:32:44.384  INFO 3888 --- [main] o.s.s.c.ThreadPoolTaskScheduler          : Initializing ExecutorService 'taskScheduler'
2023-06-24 10:32:44.485  INFO 3888 --- [main] o.s.b.w.embedded.tomcat.TomcatWebServer  : Tomcat started on port(s): 3000 (http) with context path ''
2023-06-24 10:32:44.916  INFO 3888 --- [main] com.gms.alquimiapay.AlquimiaPayApplication   : Started SuretradeApplication in 21.892 seconds (JVM running for 22.541)
2023-06-24 10:32:58.292  INFO 3888 --- [http-nio-3000-exec-1] o.a.c.c.C.[Tomcat].[localhost].[/]       : Initializing Spring DispatcherServlet 'dispatcherServlet'
2023-06-24 10:32:58.293  INFO 3888 --- [http-nio-3000-exec-1] o.s.web.servlet.DispatcherServlet        : Initializing Servlet 'dispatcherServlet'
2023-06-24 10:32:58.304  INFO 3888 --- [http-nio-3000-exec-1] o.s.web.servlet.DispatcherServlet        : Completed initialization in 10 ms
2023-06-24 10:32:58.433 ERROR 3888 --- [http-nio-3000-exec-1] o.a.c.c.C.[.[.[/].[dispatcherServlet]    : Servlet.service() for servlet [dispatcherServlet] in context with path [] threw exception [Request processing failed; nested exception is java.lang.NullPointerException] with root cause

java.lang.NullPointerException: null
	at com.gms.alquimiapay.modules.transaction.service.TransactionService.getInternalTransactionFee(TransactionService.java:624) ~[classes/:na]
	at com.gms.alquimiapay.modules.transaction.service.TransactionService.processTransactionFeeRequest(TransactionService.java:106) ~[classes/:na]
	at com.gms.alquimiapay.modules.transaction.controller.TransactionRestController.handleTransactionFeeRequest(TransactionRestController.java:40) ~[classes/:na]
	at java.base/jdk.internal.reflect.NativeMethodAccessorImpl.invoke0(Native Method) ~[na:na]
	at java.base/jdk.internal.reflect.NativeMethodAccessorImpl.invoke(NativeMethodAccessorImpl.java:62) ~[na:na]
	at java.base/jdk.internal.reflect.DelegatingMethodAccessorImpl.invoke(DelegatingMethodAccessorImpl.java:43) ~[na:na]
	at java.base/java.lang.reflect.Method.invoke(Method.java:566) ~[na:na]
	at org.springframework.web.method.support.InvocableHandlerMethod.doInvoke(InvocableHandlerMethod.java:190) ~[spring-web-5.2.15.RELEASE.jar:5.2.15.RELEASE]
	at org.springframework.web.method.support.InvocableHandlerMethod.invokeForRequest(InvocableHandlerMethod.java:138) ~[spring-web-5.2.15.RELEASE.jar:5.2.15.RELEASE]
	at org.springframework.web.servlet.mvc.method.annotation.ServletInvocableHandlerMethod.invokeAndHandle(ServletInvocableHandlerMethod.java:105) ~[spring-webmvc-5.2.15.RELEASE.jar:5.2.15.RELEASE]
	at org.springframework.web.servlet.mvc.method.annotation.RequestMappingHandlerAdapter.invokeHandlerMethod(RequestMappingHandlerAdapter.java:878) ~[spring-webmvc-5.2.15.RELEASE.jar:5.2.15.RELEASE]
	at org.springframework.web.servlet.mvc.method.annotation.RequestMappingHandlerAdapter.handleInternal(RequestMappingHandlerAdapter.java:792) ~[spring-webmvc-5.2.15.RELEASE.jar:5.2.15.RELEASE]
	at org.springframework.web.servlet.mvc.method.AbstractHandlerMethodAdapter.handle(AbstractHandlerMethodAdapter.java:87) ~[spring-webmvc-5.2.15.RELEASE.jar:5.2.15.RELEASE]
	at org.springframework.web.servlet.DispatcherServlet.doDispatch(DispatcherServlet.java:1040) ~[spring-webmvc-5.2.15.RELEASE.jar:5.2.15.RELEASE]
	at org.springframework.web.servlet.DispatcherServlet.doService(DispatcherServlet.java:943) ~[spring-webmvc-5.2.15.RELEASE.jar:5.2.15.RELEASE]
	at org.springframework.web.servlet.FrameworkServlet.processRequest(FrameworkServlet.java:1006) ~[spring-webmvc-5.2.15.RELEASE.jar:5.2.15.RELEASE]
	at org.springframework.web.servlet.FrameworkServlet.doPost(FrameworkServlet.java:909) ~[spring-webmvc-5.2.15.RELEASE.jar:5.2.15.RELEASE]
	at javax.servlet.http.HttpServlet.service(HttpServlet.java:652) ~[tomcat-embed-core-9.0.46.jar:4.0.FR]
	at org.springframework.web.servlet.FrameworkServlet.service(FrameworkServlet.java:883) ~[spring-webmvc-5.2.15.RELEASE.jar:5.2.15.RELEASE]
	at javax.servlet.http.HttpServlet.service(HttpServlet.java:733) ~[tomcat-embed-core-9.0.46.jar:4.0.FR]
	at org.apache.catalina.core.ApplicationFilterChain.internalDoFilter(ApplicationFilterChain.java:227) ~[tomcat-embed-core-9.0.46.jar:9.0.46]
	at org.apache.catalina.core.ApplicationFilterChain.doFilter(ApplicationFilterChain.java:162) ~[tomcat-embed-core-9.0.46.jar:9.0.46]
	at org.apache.tomcat.websocket.server.WsFilter.doFilter(WsFilter.java:53) ~[tomcat-embed-websocket-9.0.46.jar:9.0.46]
	at org.apache.catalina.core.ApplicationFilterChain.internalDoFilter(ApplicationFilterChain.java:189) ~[tomcat-embed-core-9.0.46.jar:9.0.46]
	at org.apache.catalina.core.ApplicationFilterChain.doFilter(ApplicationFilterChain.java:162) ~[tomcat-embed-core-9.0.46.jar:9.0.46]
	at org.springframework.web.filter.RequestContextFilter.doFilterInternal(RequestContextFilter.java:100) ~[spring-web-5.2.15.RELEASE.jar:5.2.15.RELEASE]
	at org.springframework.web.filter.OncePerRequestFilter.doFilter(OncePerRequestFilter.java:119) ~[spring-web-5.2.15.RELEASE.jar:5.2.15.RELEASE]
	at org.apache.catalina.core.ApplicationFilterChain.internalDoFilter(ApplicationFilterChain.java:189) ~[tomcat-embed-core-9.0.46.jar:9.0.46]
	at org.apache.catalina.core.ApplicationFilterChain.doFilter(ApplicationFilterChain.java:162) ~[tomcat-embed-core-9.0.46.jar:9.0.46]
	at org.springframework.web.filter.FormContentFilter.doFilterInternal(FormContentFilter.java:93) ~[spring-web-5.2.15.RELEASE.jar:5.2.15.RELEASE]
	at org.springframework.web.filter.OncePerRequestFilter.doFilter(OncePerRequestFilter.java:119) ~[spring-web-5.2.15.RELEASE.jar:5.2.15.RELEASE]
	at org.apache.catalina.core.ApplicationFilterChain.internalDoFilter(ApplicationFilterChain.java:189) ~[tomcat-embed-core-9.0.46.jar:9.0.46]
	at org.apache.catalina.core.ApplicationFilterChain.doFilter(ApplicationFilterChain.java:162) ~[tomcat-embed-core-9.0.46.jar:9.0.46]
	at org.springframework.web.filter.CharacterEncodingFilter.doFilterInternal(CharacterEncodingFilter.java:201) ~[spring-web-5.2.15.RELEASE.jar:5.2.15.RELEASE]
	at org.springframework.web.filter.OncePerRequestFilter.doFilter(OncePerRequestFilter.java:119) ~[spring-web-5.2.15.RELEASE.jar:5.2.15.RELEASE]
	at org.apache.catalina.core.ApplicationFilterChain.internalDoFilter(ApplicationFilterChain.java:189) ~[tomcat-embed-core-9.0.46.jar:9.0.46]
	at org.apache.catalina.core.ApplicationFilterChain.doFilter(ApplicationFilterChain.java:162) ~[tomcat-embed-core-9.0.46.jar:9.0.46]
	at org.apache.catalina.core.StandardWrapperValve.invoke(StandardWrapperValve.java:202) ~[tomcat-embed-core-9.0.46.jar:9.0.46]
	at org.apache.catalina.core.StandardContextValve.invoke(StandardContextValve.java:97) ~[tomcat-embed-core-9.0.46.jar:9.0.46]
	at org.apache.catalina.authenticator.AuthenticatorBase.invoke(AuthenticatorBase.java:542) ~[tomcat-embed-core-9.0.46.jar:9.0.46]
	at org.apache.catalina.core.StandardHostValve.invoke(StandardHostValve.java:143) ~[tomcat-embed-core-9.0.46.jar:9.0.46]
	at org.apache.catalina.valves.ErrorReportValve.invoke(ErrorReportValve.java:92) ~[tomcat-embed-core-9.0.46.jar:9.0.46]
	at org.apache.catalina.core.StandardEngineValve.invoke(StandardEngineValve.java:78) ~[tomcat-embed-core-9.0.46.jar:9.0.46]
	at org.apache.catalina.connector.CoyoteAdapter.service(CoyoteAdapter.java:357) ~[tomcat-embed-core-9.0.46.jar:9.0.46]
	at org.apache.coyote.http11.Http11Processor.service(Http11Processor.java:374) ~[tomcat-embed-core-9.0.46.jar:9.0.46]
	at org.apache.coyote.AbstractProcessorLight.process(AbstractProcessorLight.java:65) ~[tomcat-embed-core-9.0.46.jar:9.0.46]
	at org.apache.coyote.AbstractProtocol$ConnectionHandler.process(AbstractProtocol.java:893) ~[tomcat-embed-core-9.0.46.jar:9.0.46]
	at org.apache.tomcat.util.net.NioEndpoint$SocketProcessor.doRun(NioEndpoint.java:1707) ~[tomcat-embed-core-9.0.46.jar:9.0.46]
	at org.apache.tomcat.util.net.SocketProcessorBase.run(SocketProcessorBase.java:49) ~[tomcat-embed-core-9.0.46.jar:9.0.46]
	at java.base/java.util.concurrent.ThreadPoolExecutor.runWorker(ThreadPoolExecutor.java:1128) ~[na:na]
	at java.base/java.util.concurrent.ThreadPoolExecutor$Worker.run(ThreadPoolExecutor.java:628) ~[na:na]
	at org.apache.tomcat.util.threads.TaskThread$WrappingRunnable.run(TaskThread.java:61) ~[tomcat-embed-core-9.0.46.jar:9.0.46]
	at java.base/java.lang.Thread.run(Thread.java:834) ~[na:na]

2023-06-24 10:33:55.264  INFO 3888 --- [SpringContextShutdownHook] o.s.s.c.ThreadPoolTaskScheduler          : Shutting down ExecutorService 'taskScheduler'
2023-06-24 10:33:55.264  INFO 3888 --- [SpringContextShutdownHook] o.s.s.concurrent.ThreadPoolTaskExecutor  : Shutting down ExecutorService 'applicationTaskExecutor'
2023-06-24 10:33:55.271  INFO 3888 --- [SpringContextShutdownHook] j.LocalContainerEntityManagerFactoryBean : Closing JPA EntityManagerFactory for persistence unit 'default'
2023-06-24 10:33:55.274  INFO 3888 --- [SpringContextShutdownHook] com.zaxxer.hikari.HikariDataSource       : HikariPool-1 - Shutdown initiated...
2023-06-24 10:33:59.359  INFO 3888 --- [SpringContextShutdownHook] com.zaxxer.hikari.HikariDataSource       : HikariPool-1 - Shutdown completed.
2023-06-24 10:34:07.224  INFO 12460 --- [main] com.gms.alquimiapay.AlquimiaPayApplication   : Starting SuretradeApplication on DESKTOP-05KLHOM with PID 12460 (C:\Users\DELL\Documents\Work\gms-sure-trade-backend\target\classes started by DELL in C:\Users\DELL\Documents\Work\gms-sure-trade-backend)
2023-06-24 10:34:07.227  INFO 12460 --- [main] com.gms.alquimiapay.AlquimiaPayApplication   : The following profiles are active: test
2023-06-24 10:34:08.163  INFO 12460 --- [main] .s.d.r.c.RepositoryConfigurationDelegate : Bootstrapping Spring Data JPA repositories in DEFAULT mode.
2023-06-24 10:34:08.352  INFO 12460 --- [main] .s.d.r.c.RepositoryConfigurationDelegate : Finished Spring Data repository scanning in 183ms. Found 17 JPA repository interfaces.
2023-06-24 10:34:08.798  INFO 12460 --- [main] o.s.b.w.embedded.tomcat.TomcatWebServer  : Tomcat initialized with port(s): 3000 (http)
2023-06-24 10:34:08.804  INFO 12460 --- [main] o.apache.catalina.core.StandardService   : Starting service [Tomcat]
2023-06-24 10:34:08.804  INFO 12460 --- [main] org.apache.catalina.core.StandardEngine  : Starting Servlet engine: [Apache Tomcat/9.0.46]
2023-06-24 10:34:08.911  INFO 12460 --- [main] o.a.c.c.C.[Tomcat].[localhost].[/]       : Initializing Spring embedded WebApplicationContext
2023-06-24 10:34:08.911  INFO 12460 --- [main] w.s.c.ServletWebServerApplicationContext : Root WebApplicationContext: initialization completed in 1635 ms
2023-06-24 10:34:09.069  INFO 12460 --- [main] o.hibernate.jpa.internal.util.LogHelper  : HHH000204: Processing PersistenceUnitInfo [name: default]
2023-06-24 10:34:09.097  INFO 12460 --- [main] org.hibernate.Version                    : HHH000412: Hibernate ORM core version 5.4.31.Final
2023-06-24 10:34:09.168  INFO 12460 --- [main] o.hibernate.annotations.common.Version   : HCANN000001: Hibernate Commons Annotations {5.1.2.Final}
2023-06-24 10:34:09.235  INFO 12460 --- [main] com.zaxxer.hikari.HikariDataSource       : HikariPool-1 - Starting...
2023-06-24 10:34:14.733  INFO 12460 --- [main] com.zaxxer.hikari.HikariDataSource       : HikariPool-1 - Start completed.
2023-06-24 10:34:14.751  INFO 12460 --- [main] org.hibernate.dialect.Dialect            : HHH000400: Using dialect: org.hibernate.dialect.PostgreSQLDialect
2023-06-24 10:34:35.265  INFO 12460 --- [main] o.h.e.t.j.p.i.JtaPlatformInitiator       : HHH000490: Using JtaPlatform implementation: [org.hibernate.engine.transaction.jta.platform.internal.NoJtaPlatform]
2023-06-24 10:34:35.272  INFO 12460 --- [main] j.LocalContainerEntityManagerFactoryBean : Initialized JPA EntityManagerFactory for persistence unit 'default'
2023-06-24 10:34:36.053  WARN 12460 --- [main] JpaBaseConfiguration$JpaWebConfiguration : spring.jpa.open-in-view is enabled by default. Therefore, database queries may be performed during view rendering. Explicitly configure spring.jpa.open-in-view to disable this warning
2023-06-24 10:34:36.173  INFO 12460 --- [main] c.g.s.i.e.s.service.SilaGenericService   : Request Header: {Authorization=Basic LTB2RGkxR09YQ1RNTUdhVHZ5VGdLaXJ6S29MdFB4akRNTmNOUnNrYnNnZzo0Y0k5cEpzbVV4MTVmTXZZeEx0enhyTVk1Qk93dk9KdmFUbVhabHJkNW1fVWJNclBnNDRRQVBNOHJDa3R4SS15NTZMcEJoZ3Rub0pyUkpiU0lNMWhEQQ==}
2023-06-24 10:34:36.180  INFO 12460 --- [main] c.g.s.i.e.s.service.SilaGenericService   : RequestJson: {"header":{"created":1687599266172,"auth_handle":"gms-sila","version":"0.2","reference":"6e62a2a6-7f13-4eda-a4bc-263381e22e99"}}
2023-06-24 10:34:39.006  INFO 12460 --- [main] com.gms.alquimiapay.web.WebClient          : HttpConnection Success POST: {"success":true,"access_token":{"token":"eyJ0eXAiOiJKV1QiLCJhbGciOiJIUzI1NiJ9.eyJpYXQiOjE2ODc1OTY4MDQsImV4cCI6MTY4NzYyNTYwNCwiY2xpZW50X2lkIjoiLTB2RGkxR09YQ1RNTUdhVHZ5VGdLaXJ6S29MdFB4akRNTmNOUnNrYnNnZyJ9.OsRhE15_DjDQH48IQVzV6nay3LblxmK9u8wgn6DNNsA","expiration":1687625604,"expiration_dt":"2023-06-24T16:53:24Z"},"status":"SUCCESS","reference":"6e62a2a6-7f13-4eda-a4bc-263381e22e99","response_time_ms":"213"}
2023-06-24 10:34:39.007  INFO 12460 --- [main] c.g.s.i.e.s.service.SilaGenericService   : ResponseJsonPost: {"success":true,"access_token":{"token":"eyJ0eXAiOiJKV1QiLCJhbGciOiJIUzI1NiJ9.eyJpYXQiOjE2ODc1OTY4MDQsImV4cCI6MTY4NzYyNTYwNCwiY2xpZW50X2lkIjoiLTB2RGkxR09YQ1RNTUdhVHZ5VGdLaXJ6S29MdFB4akRNTmNOUnNrYnNnZyJ9.OsRhE15_DjDQH48IQVzV6nay3LblxmK9u8wgn6DNNsA","expiration":1687625604,"expiration_dt":"2023-06-24T16:53:24Z"},"status":"SUCCESS","reference":"6e62a2a6-7f13-4eda-a4bc-263381e22e99","response_time_ms":"213"}
2023-06-24 10:34:39.095  INFO 12460 --- [main] o.s.s.concurrent.ThreadPoolTaskExecutor  : Initializing ExecutorService 'applicationTaskExecutor'
2023-06-24 10:34:39.204  INFO 12460 --- [main] o.s.s.c.ThreadPoolTaskScheduler          : Initializing ExecutorService 'taskScheduler'
2023-06-24 10:34:39.286  INFO 12460 --- [main] o.s.b.w.embedded.tomcat.TomcatWebServer  : Tomcat started on port(s): 3000 (http) with context path ''
2023-06-24 10:34:39.690  INFO 12460 --- [main] com.gms.alquimiapay.AlquimiaPayApplication   : Started SuretradeApplication in 32.762 seconds (JVM running for 33.413)
2023-06-24 10:34:54.358  INFO 12460 --- [http-nio-3000-exec-1] o.a.c.c.C.[Tomcat].[localhost].[/]       : Initializing Spring DispatcherServlet 'dispatcherServlet'
2023-06-24 10:34:54.360  INFO 12460 --- [http-nio-3000-exec-1] o.s.web.servlet.DispatcherServlet        : Initializing Servlet 'dispatcherServlet'
2023-06-24 10:34:54.371  INFO 12460 --- [http-nio-3000-exec-1] o.s.web.servlet.DispatcherServlet        : Completed initialization in 11 ms
2023-06-24 10:34:59.088  INFO 12460 --- [http-nio-3000-exec-1] c.g.s.i.f.TransactionIntegrationService  : Active Vendor found: CIRCLE
2023-06-24 10:36:33.674  INFO 12460 --- [http-nio-3000-exec-2] c.g.s.m.t.service.TransactionService     : User email found: luckydev360@gmail.com
2023-06-24 10:36:45.758  INFO 12460 --- [http-nio-3000-exec-7] c.g.s.m.t.service.TransactionService     : User email found: luckydev360@gmail.com
2023-06-24 10:36:55.595  INFO 12460 --- [http-nio-3000-exec-7] c.g.s.m.t.service.TransactionService     : Wallet debit response Payload: {"hasError":false,"responseCode":"00","responseMessage":"Successful operation."}
2023-06-24 10:37:01.731  INFO 12460 --- [http-nio-3000-exec-7] c.g.s.i.f.TransactionIntegrationService  : Active Vendor found: CIRCLE
2023-06-24 10:37:03.931  INFO 12460 --- [http-nio-3000-exec-7] c.g.s.i.e.c.s.t.CircleTransactionService : RequestJson to create account transfer: {"idempotencyKey":"c88d4504-5f0a-4e96-bb35-8e2b3817a034","destination":{"type":"verified_blockchain","addressId":"2e509194-8610-5449-8173-40f073bd9cd5"},"amount":{"amount":"5.00","currency":"USD"}}
2023-06-24 10:37:10.651  INFO 12460 --- [http-nio-3000-exec-7] com.gms.alquimiapay.web.WebClient          : HttpConnection Success POST: {"data":{"id":"b6197173-d7b1-4d8a-bf07-a7ec0268bcb7","source":{"type":"wallet","id":"1016339088"},"destination":{"type":"blockchain","address":"0x730097604fb847b5760d9ac3b314a5ca8badf6c0","chain":"ETH"},"amount":{"amount":"5.00","currency":"USD"},"status":"pending","createDate":"2023-06-24T09:37:08.690Z"}}
2023-06-24 10:37:10.654  INFO 12460 --- [http-nio-3000-exec-7] c.g.s.i.e.c.s.t.CircleTransactionService : ResponseJson to create account transfer: {"data":{"id":"b6197173-d7b1-4d8a-bf07-a7ec0268bcb7","source":{"type":"wallet","id":"1016339088"},"destination":{"type":"blockchain","address":"0x730097604fb847b5760d9ac3b314a5ca8badf6c0","chain":"ETH"},"amount":{"amount":"5.00","currency":"USD"},"status":"pending","createDate":"2023-06-24T09:37:08.690Z"}}
2023-06-24 11:00:45.051  INFO 12460 --- [SpringContextShutdownHook] o.s.s.c.ThreadPoolTaskScheduler          : Shutting down ExecutorService 'taskScheduler'
2023-06-24 11:00:45.052  INFO 12460 --- [SpringContextShutdownHook] o.s.s.concurrent.ThreadPoolTaskExecutor  : Shutting down ExecutorService 'applicationTaskExecutor'
2023-06-24 11:00:45.059  INFO 12460 --- [SpringContextShutdownHook] j.LocalContainerEntityManagerFactoryBean : Closing JPA EntityManagerFactory for persistence unit 'default'
2023-06-24 11:00:45.063  INFO 12460 --- [SpringContextShutdownHook] com.zaxxer.hikari.HikariDataSource       : HikariPool-1 - Shutdown initiated...
2023-06-24 11:00:50.426  INFO 12460 --- [SpringContextShutdownHook] com.zaxxer.hikari.HikariDataSource       : HikariPool-1 - Shutdown completed.
